2024-05-06 18:04:01,270 INFO [base.py (__init__:12)] - 正在初始化，driver对象：<selenium.webdriver.chrome.webdriver.WebDriver (session="650eb72e3ceca842e7e2007260fe5526")>
2024-05-06 18:04:01,273 INFO [base.py (__init__:12)] - 正在初始化，driver对象：<selenium.webdriver.chrome.webdriver.WebDriver (session="650eb72e3ceca842e7e2007260fe5526")>
2024-05-06 18:04:01,273 INFO [base.py (__init__:12)] - 正在初始化，driver对象：<selenium.webdriver.chrome.webdriver.WebDriver (session="650eb72e3ceca842e7e2007260fe5526")>
2024-05-06 18:04:01,273 INFO [base.py (__init__:12)] - 正在初始化，driver对象：<selenium.webdriver.chrome.webdriver.WebDriver (session="650eb72e3ceca842e7e2007260fe5526")>
2024-05-06 18:04:01,273 INFO [base.py (__init__:12)] - 正在初始化，driver对象：<selenium.webdriver.chrome.webdriver.WebDriver (session="650eb72e3ceca842e7e2007260fe5526")>
2024-05-06 18:04:31,018 INFO [base.py (__init__:12)] - 正在初始化，driver对象：<selenium.webdriver.chrome.webdriver.WebDriver (session="fdfa98cbf7fb715166525c1a6de2d3f5")>
2024-05-06 18:04:31,019 INFO [base.py (__init__:12)] - 正在初始化，driver对象：<selenium.webdriver.chrome.webdriver.WebDriver (session="fdfa98cbf7fb715166525c1a6de2d3f5")>
2024-05-06 18:04:31,019 INFO [base.py (__init__:12)] - 正在初始化，driver对象：<selenium.webdriver.chrome.webdriver.WebDriver (session="fdfa98cbf7fb715166525c1a6de2d3f5")>
2024-05-06 18:04:31,019 INFO [base.py (__init__:12)] - 正在初始化，driver对象：<selenium.webdriver.chrome.webdriver.WebDriver (session="fdfa98cbf7fb715166525c1a6de2d3f5")>
2024-05-06 18:04:31,019 INFO [base.py (__init__:12)] - 正在初始化，driver对象：<selenium.webdriver.chrome.webdriver.WebDriver (session="fdfa98cbf7fb715166525c1a6de2d3f5")>
2024-05-06 18:05:15,683 INFO [base.py (__init__:12)] - 正在初始化，driver对象：<selenium.webdriver.chrome.webdriver.WebDriver (session="498140922ded9c9977753978e9e9862c")>
2024-05-06 18:05:15,684 INFO [base.py (__init__:12)] - 正在初始化，driver对象：<selenium.webdriver.chrome.webdriver.WebDriver (session="498140922ded9c9977753978e9e9862c")>
2024-05-06 18:05:15,684 INFO [base.py (__init__:12)] - 正在初始化，driver对象：<selenium.webdriver.chrome.webdriver.WebDriver (session="498140922ded9c9977753978e9e9862c")>
2024-05-06 18:05:15,684 INFO [base.py (__init__:12)] - 正在初始化，driver对象：<selenium.webdriver.chrome.webdriver.WebDriver (session="498140922ded9c9977753978e9e9862c")>
2024-05-06 18:05:15,684 INFO [base.py (__init__:12)] - 正在初始化，driver对象：<selenium.webdriver.chrome.webdriver.WebDriver (session="498140922ded9c9977753978e9e9862c")>
2024-05-06 18:12:20,770 INFO [base.py (__init__:12)] - 正在初始化，driver对象：<selenium.webdriver.chrome.webdriver.WebDriver (session="8881dce0c10ee8540f460ab17ebfb81b")>
2024-05-06 18:12:20,770 INFO [base.py (__init__:12)] - 正在初始化，driver对象：<selenium.webdriver.chrome.webdriver.WebDriver (session="8881dce0c10ee8540f460ab17ebfb81b")>
2024-05-06 18:12:20,771 INFO [base.py (__init__:12)] - 正在初始化，driver对象：<selenium.webdriver.chrome.webdriver.WebDriver (session="8881dce0c10ee8540f460ab17ebfb81b")>
2024-05-06 18:12:20,771 INFO [base.py (__init__:12)] - 正在初始化，driver对象：<selenium.webdriver.chrome.webdriver.WebDriver (session="8881dce0c10ee8540f460ab17ebfb81b")>
2024-05-06 18:12:20,772 INFO [base.py (__init__:12)] - 正在初始化，driver对象：<selenium.webdriver.chrome.webdriver.WebDriver (session="8881dce0c10ee8540f460ab17ebfb81b")>
2024-05-06 18:13:22,300 INFO [base.py (__init__:12)] - 正在初始化，driver对象：<selenium.webdriver.chrome.webdriver.WebDriver (session="c0b2dc04ce71adadd19474510a85a842")>
2024-05-06 18:13:22,302 INFO [base.py (__init__:12)] - 正在初始化，driver对象：<selenium.webdriver.chrome.webdriver.WebDriver (session="c0b2dc04ce71adadd19474510a85a842")>
2024-05-06 18:13:22,303 INFO [base.py (__init__:12)] - 正在初始化，driver对象：<selenium.webdriver.chrome.webdriver.WebDriver (session="c0b2dc04ce71adadd19474510a85a842")>
2024-05-06 18:13:22,303 INFO [base.py (__init__:12)] - 正在初始化，driver对象：<selenium.webdriver.chrome.webdriver.WebDriver (session="c0b2dc04ce71adadd19474510a85a842")>
2024-05-06 18:13:22,303 INFO [base.py (__init__:12)] - 正在初始化，driver对象：<selenium.webdriver.chrome.webdriver.WebDriver (session="c0b2dc04ce71adadd19474510a85a842")>
2024-05-06 18:13:22,303 INFO [base.py (base_input:25)] - 正在调用输入元素方法：('id', 'phone'),输入内容：17713483937
2024-05-06 18:13:22,303 INFO [base.py (base_find:16)] - 正在查找元素：('id', 'phone')
2024-05-06 18:13:22,471 INFO [base.py (base_input:25)] - 正在调用输入元素方法：('id', 'pwd'),输入内容：*z$913129
2024-05-06 18:13:22,471 INFO [base.py (base_find:16)] - 正在查找元素：('id', 'pwd')
2024-05-06 18:13:22,574 INFO [base.py (base_click:21)] - 正在点击元素：('xpath', "//*[contains(@type,'button')]")
2024-05-06 18:13:22,574 INFO [base.py (base_find:16)] - 正在查找元素：('xpath', "//*[contains(@type,'button')]")
2024-05-06 18:13:24,630 INFO [base.py (base_get_text:34)] - 正在调用获取元素信息方法：('xpath', "//*[@class='user-name']")
2024-05-06 18:13:24,631 INFO [base.py (base_find:16)] - 正在查找元素：('xpath', "//*[@class='user-name']")
2024-05-06 18:13:32,159 INFO [base.py (base_get_text:34)] - 正在调用获取元素信息方法：('xpath', "//*[@class='user-name']")
2024-05-06 18:13:32,159 INFO [base.py (base_find:16)] - 正在查找元素：('xpath', "//*[@class='user-name']")
2024-05-06 18:13:32,185 INFO [base.py (base_click:21)] - 正在点击元素：('xpath', "//*[@title='课程']")
2024-05-06 18:13:32,186 INFO [base.py (base_find:16)] - 正在查找元素：('xpath', "//*[@title='课程']")
2024-05-06 18:13:33,786 INFO [base.py (base_click:21)] - 正在点击元素：('xpath', "//*[contains(@title,'电子学基础')]")
2024-05-06 18:13:33,787 INFO [base.py (base_find:16)] - 正在查找元素：('xpath', "//*[contains(@title,'电子学基础')]")
2024-05-06 18:13:35,491 INFO [base.py (base_click:21)] - 正在点击元素：('css selector', '.zj')
2024-05-06 18:13:35,491 INFO [base.py (base_find:16)] - 正在查找元素：('css selector', '.zj')
2024-05-06 18:13:44,446 INFO [base.py (base_switch_frame:45)] - 正在调用切换iframe方法，切换对象：('id', 'iframe')
2024-05-06 18:13:44,447 INFO [base.py (base_find:16)] - 正在查找元素：('id', 'iframe')
2024-05-06 18:13:45,558 INFO [base.py (base_switch_frame:45)] - 正在调用切换iframe方法，切换对象：('class name', 'ans-attach-online')
2024-05-06 18:13:45,558 INFO [base.py (base_find:16)] - 正在查找元素：('class name', 'ans-attach-online')
2024-05-06 18:13:45,601 INFO [base.py (base_click:21)] - 正在点击元素：('xpath', "//button[@class='vjs-big-play-button']")
2024-05-06 18:13:45,601 INFO [base.py (base_find:16)] - 正在查找元素：('xpath', "//button[@class='vjs-big-play-button']")
2024-05-06 18:13:49,792 INFO [base.py (base_switch_frame:45)] - 正在调用切换iframe方法，切换对象：('id', 'iframe')
2024-05-06 18:13:49,792 INFO [base.py (base_find:16)] - 正在查找元素：('id', 'iframe')
2024-05-06 18:13:52,908 INFO [base.py (base_switch_frame:45)] - 正在调用切换iframe方法，切换对象：('id', 'iframe')
2024-05-06 18:13:52,908 INFO [base.py (base_find:16)] - 正在查找元素：('id', 'iframe')
2024-05-06 18:13:55,994 INFO [base.py (base_switch_frame:45)] - 正在调用切换iframe方法，切换对象：('id', 'iframe')
2024-05-06 18:13:55,994 INFO [base.py (base_find:16)] - 正在查找元素：('id', 'iframe')
2024-05-06 18:14:42,354 INFO [base.py (__init__:12)] - 正在初始化，driver对象：<selenium.webdriver.chrome.webdriver.WebDriver (session="5a070a76fd7db0fdad37399dbd0c05e5")>
2024-05-06 18:14:42,356 INFO [base.py (__init__:12)] - 正在初始化，driver对象：<selenium.webdriver.chrome.webdriver.WebDriver (session="5a070a76fd7db0fdad37399dbd0c05e5")>
2024-05-06 18:14:42,358 INFO [base.py (__init__:12)] - 正在初始化，driver对象：<selenium.webdriver.chrome.webdriver.WebDriver (session="5a070a76fd7db0fdad37399dbd0c05e5")>
2024-05-06 18:14:42,358 INFO [base.py (__init__:12)] - 正在初始化，driver对象：<selenium.webdriver.chrome.webdriver.WebDriver (session="5a070a76fd7db0fdad37399dbd0c05e5")>
2024-05-06 18:14:42,359 INFO [base.py (__init__:12)] - 正在初始化，driver对象：<selenium.webdriver.chrome.webdriver.WebDriver (session="5a070a76fd7db0fdad37399dbd0c05e5")>
2024-05-06 18:14:42,360 INFO [base.py (base_input:25)] - 正在调用输入元素方法：('id', 'phone'),输入内容：17713483937
2024-05-06 18:14:42,360 INFO [base.py (base_find:16)] - 正在查找元素：('id', 'phone')
2024-05-06 18:14:42,549 INFO [base.py (base_input:25)] - 正在调用输入元素方法：('id', 'pwd'),输入内容：*z$913129
2024-05-06 18:14:42,549 INFO [base.py (base_find:16)] - 正在查找元素：('id', 'pwd')
2024-05-06 18:14:42,646 INFO [base.py (base_click:21)] - 正在点击元素：('xpath', "//*[contains(@type,'button')]")
2024-05-06 18:14:42,647 INFO [base.py (base_find:16)] - 正在查找元素：('xpath', "//*[contains(@type,'button')]")
2024-05-06 18:14:44,703 INFO [base.py (base_get_text:34)] - 正在调用获取元素信息方法：('xpath', "//*[@class='user-name']")
2024-05-06 18:14:44,704 INFO [base.py (base_find:16)] - 正在查找元素：('xpath', "//*[@class='user-name']")
2024-05-06 18:15:06,215 INFO [base.py (base_get_text:34)] - 正在调用获取元素信息方法：('xpath', "//*[@class='user-name']")
2024-05-06 18:15:06,216 INFO [base.py (base_find:16)] - 正在查找元素：('xpath', "//*[@class='user-name']")
2024-05-06 18:15:06,234 INFO [base.py (base_click:21)] - 正在点击元素：('xpath', "//*[@title='课程']")
2024-05-06 18:15:06,234 INFO [base.py (base_find:16)] - 正在查找元素：('xpath', "//*[@title='课程']")
2024-05-06 18:15:09,080 INFO [base.py (base_click:21)] - 正在点击元素：('xpath', "//*[contains(@title,'电子学基础')]")
2024-05-06 18:15:09,080 INFO [base.py (base_find:16)] - 正在查找元素：('xpath', "//*[contains(@title,'电子学基础')]")
2024-05-06 18:15:10,795 INFO [base.py (base_click:21)] - 正在点击元素：('css selector', '.zj')
2024-05-06 18:15:10,795 INFO [base.py (base_find:16)] - 正在查找元素：('css selector', '.zj')
2024-05-06 18:15:40,715 INFO [base.py (base_switch_frame:45)] - 正在调用切换iframe方法，切换对象：('id', 'iframe')
2024-05-06 18:15:40,715 INFO [base.py (base_find:16)] - 正在查找元素：('id', 'iframe')
2024-05-06 18:15:41,762 INFO [base.py (base_switch_frame:45)] - 正在调用切换iframe方法，切换对象：('class name', 'ans-attach-online')
2024-05-06 18:15:41,762 INFO [base.py (base_find:16)] - 正在查找元素：('class name', 'ans-attach-online')
2024-05-06 18:15:41,817 INFO [base.py (base_click:21)] - 正在点击元素：('xpath', "//button[@class='vjs-big-play-button']")
2024-05-06 18:15:41,817 INFO [base.py (base_find:16)] - 正在查找元素：('xpath', "//button[@class='vjs-big-play-button']")
2024-05-06 18:15:46,026 INFO [base.py (base_switch_frame:45)] - 正在调用切换iframe方法，切换对象：('id', 'iframe')
2024-05-06 18:15:46,026 INFO [base.py (base_find:16)] - 正在查找元素：('id', 'iframe')
2024-05-06 18:15:49,106 INFO [base.py (base_switch_frame:45)] - 正在调用切换iframe方法，切换对象：('id', 'iframe')
2024-05-06 18:15:49,106 INFO [base.py (base_find:16)] - 正在查找元素：('id', 'iframe')
2024-05-06 18:15:52,187 INFO [base.py (base_switch_frame:45)] - 正在调用切换iframe方法，切换对象：('id', 'iframe')
2024-05-06 18:15:52,188 INFO [base.py (base_find:16)] - 正在查找元素：('id', 'iframe')
2024-05-06 18:15:55,270 INFO [base.py (base_switch_frame:45)] - 正在调用切换iframe方法，切换对象：('id', 'iframe')
2024-05-06 18:15:55,270 INFO [base.py (base_find:16)] - 正在查找元素：('id', 'iframe')
2024-05-06 18:15:58,336 INFO [base.py (base_switch_frame:45)] - 正在调用切换iframe方法，切换对象：('id', 'iframe')
2024-05-06 18:15:58,337 INFO [base.py (base_find:16)] - 正在查找元素：('id', 'iframe')
2024-05-06 18:16:01,425 INFO [base.py (base_switch_frame:45)] - 正在调用切换iframe方法，切换对象：('id', 'iframe')
2024-05-06 18:16:01,426 INFO [base.py (base_find:16)] - 正在查找元素：('id', 'iframe')
2024-05-06 18:16:04,526 INFO [base.py (base_switch_frame:45)] - 正在调用切换iframe方法，切换对象：('id', 'iframe')
2024-05-06 18:16:04,526 INFO [base.py (base_find:16)] - 正在查找元素：('id', 'iframe')
2024-05-06 18:16:07,590 INFO [base.py (base_switch_frame:45)] - 正在调用切换iframe方法，切换对象：('id', 'iframe')
2024-05-06 18:16:07,590 INFO [base.py (base_find:16)] - 正在查找元素：('id', 'iframe')
